\BOOKMARK [1][-]{section.1}{Inscriptions}{}% 1
\BOOKMARK [2][-]{subsection.1.1}{Accès}{section.1}% 2
\BOOKMARK [2][-]{subsection.1.2}{Niveau de langue requis pour les étudiants étrangers}{section.1}% 3
\BOOKMARK [2][-]{subsection.1.3}{Inscription\040administrative}{section.1}% 4
\BOOKMARK [2][-]{subsection.1.4}{Inscription pédagogique}{section.1}% 5
\BOOKMARK [3][-]{subsubsection.1.4.1}{Généralités}{subsection.1.4}% 6
\BOOKMARK [3][-]{subsubsection.1.4.2}{Cas\040particuliers\040:\040auditeurs\040libres}{subsection.1.4}% 7
\BOOKMARK [1][-]{section.2}{Organisation des études}{}% 8
\BOOKMARK [2][-]{subsection.2.1}{Organisation\040temporelle\040de\040la\040formation}{section.2}% 9
\BOOKMARK [2][-]{subsection.2.2}{Parcours,\040UE,\040EC\040et\040ECTS}{section.2}% 10
\BOOKMARK [2][-]{subsection.2.3}{Types\040d'enseignement}{section.2}% 11
\BOOKMARK [2][-]{subsection.2.4}{Régime de présence, assiduité}{section.2}% 12
\BOOKMARK [2][-]{subsection.2.5}{Stages}{section.2}% 13
\BOOKMARK [3][-]{subsubsection.2.5.1}{Organisation, durée}{subsection.2.5}% 14
\BOOKMARK [3][-]{subsubsection.2.5.2}{Évaluation}{subsection.2.5}% 15
\BOOKMARK [3][-]{subsubsection.2.5.3}{Structure\040d'accueil\040et\040convention}{subsection.2.5}% 16
\BOOKMARK [1][-]{section.3}{Organisation des contrôles des connaissances}{}% 17
\BOOKMARK [2][-]{subsection.3.1}{Convocation\040aux\040examens\040terminaux}{section.3}% 18
\BOOKMARK [2][-]{subsection.3.2}{Accès des candidats aux salles d'examen}{section.3}% 19
\BOOKMARK [1][-]{section.4}{Modalités de contrôle des connaissances}{}% 20
\BOOKMARK [2][-]{subsection.4.1}{Types d'épreuves}{section.4}% 21
\BOOKMARK [2][-]{subsection.4.2}{Validation\040des\040EC,\040UE\040et\040semestres}{section.4}% 22
\BOOKMARK [3][-]{subsubsection.4.2.1}{Validation\040d'un\040EC}{subsection.4.2}% 23
\BOOKMARK [3][-]{subsubsection.4.2.2}{Validation\040d'une\040UE}{subsection.4.2}% 24
\BOOKMARK [3][-]{subsubsection.4.2.3}{Validation\040d'un\040semestre}{subsection.4.2}% 25
\BOOKMARK [2][-]{subsection.4.3}{Règles de compensation}{section.4}% 26
\BOOKMARK [2][-]{subsection.4.4}{Règles concernant les sessions}{section.4}% 27
\BOOKMARK [3][-]{subsubsection.4.4.1}{Première session}{subsection.4.4}% 28
\BOOKMARK [3][-]{subsubsection.4.4.2}{Session\040de\040rattrapage}{subsection.4.4}% 29
\BOOKMARK [3][-]{subsubsection.4.4.3}{Régime des absences non justifiées}{subsection.4.4}% 30
\BOOKMARK [2][-]{subsection.4.5}{Bonification sport et activités d'expression}{section.4}% 31
\BOOKMARK [2][-]{subsection.4.6}{Délibérations du jury}{section.4}% 32
\BOOKMARK [2][-]{subsection.4.7}{Délivrance du diplôme}{section.4}% 33
\BOOKMARK [2][-]{subsection.4.8}{Retrait des relevés de notes et de l'attestation de réussite}{section.4}% 34
\BOOKMARK [2][-]{subsection.4.9}{Mention}{section.4}% 35
\BOOKMARK [1][-]{section.5}{Progression}{}% 36
\BOOKMARK [2][-]{subsection.5.1}{Inscription en 2e année de master}{section.5}% 37
\BOOKMARK [2][-]{subsection.5.2}{Inscription complémentaire}{section.5}% 38
\BOOKMARK [1][-]{section.6}{Sanctions\040disciplinaires}{}% 39
\BOOKMARK [2][-]{subsection.6.1}{Fraude}{section.6}% 40
\BOOKMARK [2][-]{subsection.6.2}{Atteinte au bon fonctionnement de l'établissement}{section.6}% 41
\BOOKMARK [1][-]{section.7}{Modalités d'enseignement et d'évaluation adaptées aux étudiants à statut spécifique}{}% 42
\BOOKMARK [2][-]{subsection.7.1}{Dispositions\040communes}{section.7}% 43
\BOOKMARK [3][-]{subsubsection.7.1.1}{Sessions\040d'examen}{subsection.7.1}% 44
\BOOKMARK [3][-]{subsubsection.7.1.2}{Procédure}{subsection.7.1}% 45
\BOOKMARK [2][-]{subsection.7.2}{Étudiants présentant un handicap}{section.7}% 46
\BOOKMARK [2][-]{subsection.7.3}{Étudiants exercant une activité salariée ou professionnelle}{section.7}% 47
\BOOKMARK [2][-]{subsection.7.4}{Étudiants sportifs de haut niveau}{section.7}% 48
\BOOKMARK [2][-]{subsection.7.5}{Étudiants réservistes}{section.7}% 49
\BOOKMARK [2][-]{subsection.7.6}{Élus étudiants}{section.7}% 50
\BOOKMARK [1][-]{section.8}{Étudiants en séjour d'études à l'étranger}{}% 51
\BOOKMARK [1][-]{section.9}{Contacts}{}% 52
\BOOKMARK [1][-]{section.10}{Maquette pédagogique et modalités d'évaluation}{}% 53
\BOOKMARK [1][-]{section.11}{Calendriers}{}% 54
